<?xml version="1.0" encoding="UTF-8"?>
<!-- Generated by org.testng.reporters.JUnitXMLReporter -->
<testsuite hostname="KORAT" ignored="0" name="Test" tests="5" failures="1" timestamp="2022-11-16T23:09:26 EST" time="0.058" errors="0">
  <testcase name="phoneMethod" time="0.005" classname="com.practise.web1"/>
  <testcase name="webMethod" time="0.005" classname="com.practise.web1">
    <skipped/>
  </testcase> <!-- webMethod -->
  <testcase name="webMethod" time="0.0" classname="com.practise.web1">
    <skipped/>
  </testcase> <!-- webMethod -->
  <testcase name="webMethod" time="0.001" classname="com.practise.web1">
    <skipped/>
  </testcase> <!-- webMethod -->
  <testcase name="webMethod" time="0.0" classname="com.practise.web1">
    <failure type="java.lang.AssertionError" message="expected [true] but found [false]">
      <![CDATA[java.lang.AssertionError: expected [true] but found [false]
at com.practise.web1.webMethod(web1.java:29)
at java.util.ArrayList.forEach(Unknown Source)
... Removed 31 stack frames]]>
    </failure>
  </testcase> <!-- webMethod -->
</testsuite> <!-- Test -->
